<?xml version="1.0" encoding="UTF-8"?>
<!-- Generated by org.testng.reporters.JUnitReportReporter -->
<testsuite hostname="LT001964DT" failures="0" tests="1" name="com.inetbanking.testCases.TC_LoginPage_001" time="3.699" errors="0" timestamp="2023-11-16T11:01:36 IST" skipped="0">
  <testcase classname="com.inetbanking.testCases.TC_LoginPage_001" name="loginTest" time="3.699"/>
</testsuite> <!-- com.inetbanking.testCases.TC_LoginPage_001 -->
