<?xml version="1.0" encoding="UTF-8"?>
<!-- Generated by org.testng.reporters.JUnitReportReporter -->
<testsuite hostname="LT001964DT" failures="0" tests="1" name="com.inetbanking.testCases.TC_AddCustomerTest_003" time="4.796" errors="0" timestamp="2023-11-20T11:50:34 IST" skipped="0">
  <testcase classname="com.inetbanking.testCases.TC_AddCustomerTest_003" name="addNewCustomer" time="4.796"/>
</testsuite> <!-- com.inetbanking.testCases.TC_AddCustomerTest_003 -->
